\BOOKMARK [1][-]{section.1}{\376\377\000S\000E\000T\000U\000P\000\040\000C\000H\000O\000I\000C\000E\000S}{}% 1
\BOOKMARK [2][-]{subsection.1.1}{\376\377\000I\000m\000p\000u\000t\000a\000t\000i\000o\000n}{section.1}% 2
\BOOKMARK [3][-]{subsubsection.1.1.1}{\376\377\000S\000i\000m\000p\000l\000e\000\040\000I\000m\000p\000u\000t\000a\000t\000i\000o\000n}{subsection.1.1}% 3
\BOOKMARK [3][-]{subsubsection.1.1.2}{\376\377\000A\000d\000v\000a\000n\000c\000e\000d\000\040\000I\000m\000p\000u\000t\000a\000t\000i\000o\000n}{subsection.1.1}% 4
\BOOKMARK [2][-]{subsection.1.2}{\376\377\000C\000l\000u\000s\000t\000e\000r\000i\000n\000g}{section.1}% 5
\BOOKMARK [3][-]{subsubsection.1.2.1}{\376\377\000K\000-\000M\000o\000d\000e\000s}{subsection.1.2}% 6
\BOOKMARK [3][-]{subsubsection.1.2.2}{\376\377\000K\000-\000M\000e\000a\000n\000s}{subsection.1.2}% 7
\BOOKMARK [1][-]{section.2}{\376\377\000P\000I\000P\000E\000L\000I\000N\000E\000\040\000I\000M\000P\000L\000E\000M\000E\000N\000T\000A\000T\000I\000O\000N}{}% 8
\BOOKMARK [2][-]{subsection.2.1}{\376\377\000D\000a\000t\000a\000\040\000L\000o\000a\000d\000\040\000a\000n\000d\000\040\000D\000i\000r\000t\000y\000\040\000D\000a\000t\000a\000s\000e\000t\000\040\000G\000e\000n\000e\000r\000a\000t\000i\000o\000n\000:}{section.2}% 9
\BOOKMARK [2][-]{subsection.2.2}{\376\377\000D\000a\000t\000a\000\040\000E\000x\000p\000l\000o\000r\000a\000t\000i\000o\000n\000:}{section.2}% 10
\BOOKMARK [2][-]{subsection.2.3}{\376\377\000I\000m\000p\000u\000t\000a\000t\000i\000o\000n\000:}{section.2}% 11
\BOOKMARK [3][-]{subsubsection.2.3.1}{\376\377\000S\000i\000m\000p\000l\000e\000\040\000I\000m\000p\000u\000t\000a\000t\000i\000o\000n\000:}{subsection.2.3}% 12
\BOOKMARK [3][-]{subsubsection.2.3.2}{\376\377\000A\000d\000v\000a\000n\000c\000e\000d\000\040\000I\000m\000p\000u\000t\000a\000t\000i\000o\000n\000:}{subsection.2.3}% 13
\BOOKMARK [2][-]{subsection.2.4}{\376\377\000C\000l\000u\000s\000t\000e\000r\000i\000n\000g\000:}{section.2}% 14
\BOOKMARK [3][-]{subsubsection.2.4.1}{\376\377\000K\000-\000M\000o\000d\000e\000s\000:}{subsection.2.4}% 15
\BOOKMARK [3][-]{subsubsection.2.4.2}{\376\377\000K\000-\000M\000e\000a\000n\000s\000:}{subsection.2.4}% 16
\BOOKMARK [1][-]{section.3}{\376\377\000R\000E\000S\000U\000L\000T\000S}{}% 17
\BOOKMARK [2][-]{subsection.3.1}{\376\377\000I\000m\000p\000u\000t\000a\000t\000i\000o\000n}{section.3}% 18
\BOOKMARK [3][-]{subsubsection.3.1.1}{\376\377\000S\000i\000m\000p\000l\000e\000\040\000I\000m\000p\000u\000t\000a\000t\000i\000o\000n\000\040\000A\000c\000c\000u\000r\000a\000c\000y}{subsection.3.1}% 19
\BOOKMARK [3][-]{subsubsection.3.1.2}{\376\377\000A\000d\000v\000a\000n\000c\000e\000d\000\040\000I\000m\000p\000u\000t\000a\000t\000i\000o\000n\000\040\000A\000c\000c\000u\000r\000a\000c\000y}{subsection.3.1}% 20
\BOOKMARK [2][-]{subsection.3.2}{\376\377\000C\000l\000u\000s\000t\000e\000r\000i\000n\000g}{section.3}% 21
\BOOKMARK [3][-]{subsubsection.3.2.1}{\376\377\000K\000-\000M\000e\000a\000n\000s}{subsection.3.2}% 22
